16:24:28 (index) array (
  'data' => 
  array (
    0 => 
    array (
      'id' => '2285128806459',
      'from' => 
      array (
        'name' => 'Amanda King',
        'id' => '1196047680',
      ),
      'tags' => 
      array (
        'data' => 
        array (
          0 => 
          array (
            'name' => 'Jeff Hall',
            'id' => '710831435',
          ),
        ),
      ),
      'message' => 'Hell yes, Wing Stop!',
      'place' => 
      array (
        'id' => '210329455672053',
        'name' => 'Wing Stop',
        'location' => 
        array (
          'street' => '1135 Industrial Rd',
          'city' => 'San Carlos, CA',
          'zip' => '94070',
          'latitude' => 37.502339323787,
          'longitude' => -122.24606741521,
        ),
      ),
      'application' => 
      array (
        'name' => 'Facebook for iPhone',
        'id' => '6628568379',
      ),
      'created_time' => '2011-07-16T19:06:03+0000',
      'likes' => 
      array (
        'data' => 
        array (
          0 => 
          array (
            'id' => '572587477',
            'name' => 'Katharine Francis',
          ),
        ),
      ),
    ),
    1 => 
    array (
      'id' => '2259180157759',
      'from' => 
      array (
        'name' => 'Amanda King',
        'id' => '1196047680',
      ),
      'tags' => 
      array (
        'data' => 
        array (
          0 => 
          array (
            'name' => 'Jeff Hall',
            'id' => '710831435',
          ),
        ),
      ),
      'message' => 'Balls!',
      'place' => 
      array (
        'id' => '170660609615228',
        'name' => 'IKEA',
        'location' => 
        array (
          'street' => '1700 E Bayshore Rd',
          'city' => 'East Palo Alto',
          'state' => 'CA',
          'country' => 'United States',
          'zip' => '94303-2559',
          'latitude' => 37.461190757551,
          'longitude' => -122.13876360063,
        ),
      ),
      'application' => 
      array (
        'name' => 'Facebook for iPhone',
        'id' => '6628568379',
      ),
      'created_time' => '2011-07-07T02:40:18+0000',
      'likes' => 
      array (
        'data' => 
        array (
          0 => 
          array (
            'id' => '572587477',
            'name' => 'Katharine Francis',
          ),
          1 => 
          array (
            'id' => '517388677',
            'name' => 'Amanda Davison',
          ),
          2 => 
          array (
            'id' => '1585552826',
            'name' => 'Margaret Britt',
          ),
        ),
      ),
    ),
    2 => 
    array (
      'id' => '10150210297596436',
      'from' => 
      array (
        'name' => 'Jeff Hall',
        'id' => '710831435',
      ),
      'tags' => 
      array (
        'data' => 
        array (
          0 => 
          array (
            'name' => 'Amanda King',
            'id' => '1196047680',
          ),
        ),
      ),
      'message' => 'Just got married!',
      'place' => 
      array (
        'id' => '124831840897470',
        'name' => 'Superior Court, San Mateo County',
        'location' => 
        array (
          'city' => 'Redwood City',
          'state' => 'CA',
          'country' => 'United States',
          'latitude' => 37.488381562994,
          'longitude' => -122.23062591765,
        ),
      ),
      'application' => 
      array (
        'name' => 'Facebook for Android',
        'id' => '350685531728',
      ),
      'created_time' => '2011-06-21T21:43:38+0000',
      'likes' => 
      array (
        'data' => 
        array (
          0 => 
          array (
            'id' => '507418970',
            'name' => 'Timothy Lee Styer',
          ),
          1 => 
          array (
            'id' => '1407121596',
            'name' => 'Chris Hall',
          ),
          2 => 
          array (
            'id' => '661933573',
            'name' => 'Brady Mitchell',
          ),
          3 => 
          array (
            'id' => '618724894',
            'name' => 'Andrew Naylor',
          ),
          4 => 
          array (
            'id' => '3206112',
            'name' => 'Aram Papazian',
          ),
          5 => 
          array (
            'id' => '2043492',
            'name' => 'Vinh Trinh',
          ),
          6 => 
          array (
            'id' => '751069016',
            'name' => 'Tobia Ziklik',
          ),
          7 => 
          array (
            'id' => '536017433',
            'name' => 'Sarah Hill',
          ),
          8 => 
          array (
            'id' => '100001123637203',
            'name' => 'Sean Tobin',
          ),
          9 => 
          array (
            'id' => '500788468',
            'name' => 'Jessica Zachow',
          ),
          10 => 
          array (
            'id' => '1047206739',
            'name' => 'Nancy Merigold',
          ),
        ),
      ),
      'comments' => 
      array (
        'data' => 
        array (
          0 => 
          array (
            'id' => '10150210297596436_16512189',
            'from' => 
            array (
              'name' => 'Ryan Kim',
              'id' => '576450299',
            ),
            'message' => 'congrats!',
            'created_time' => '2011-06-21T21:45:38+0000',
          ),
          1 => 
          array (
            'id' => '10150210297596436_16512243',
            'from' => 
            array (
              'name' => 'Julie Jilek',
              'id' => '680892985',
            ),
            'message' => 'Ahh! Congratulations Jeff and Amanda!!! Hugs!',
            'created_time' => '2011-06-21T21:48:50+0000',
          ),
          2 => 
          array (
            'id' => '10150210297596436_16512486',
            'from' => 
            array (
              'name' => 'Jason Rice',
              'id' => '100000135553997',
            ),
            'message' => 'Congratulations!',
            'created_time' => '2011-06-21T22:02:37+0000',
          ),
          3 => 
          array (
            'id' => '10150210297596436_16512507',
            'from' => 
            array (
              'name' => 'Angelo Georgiou',
              'id' => '621133659',
            ),
            'message' => 'Congrats!',
            'created_time' => '2011-06-21T22:03:36+0000',
          ),
          4 => 
          array (
            'id' => '10150210297596436_16512517',
            'from' => 
            array (
              'name' => 'Jessica Zachow',
              'id' => '500788468',
            ),
            'message' => 'Congrats Jeff and Amanda! From Michael and myself',
            'created_time' => '2011-06-21T22:04:20+0000',
          ),
          5 => 
          array (
            'id' => '10150210297596436_16513829',
            'from' => 
            array (
              'name' => 'Sarah Hill',
              'id' => '536017433',
            ),
            'message' => 'congrats!!!!',
            'created_time' => '2011-06-21T23:33:03+0000',
          ),
          6 => 
          array (
            'id' => '10150210297596436_16514206',
            'from' => 
            array (
              'name' => 'Vinh Trinh',
              'id' => '2043492',
            ),
            'message' => 'wow! grats!',
            'created_time' => '2011-06-22T00:00:33+0000',
          ),
          7 => 
          array (
            'id' => '10150210297596436_16514230',
            'from' => 
            array (
              'name' => 'Jared Banks',
              'id' => '1211121129',
            ),
            'message' => 'Congratulations! ',
            'created_time' => '2011-06-22T00:02:10+0000',
          ),
          8 => 
          array (
            'id' => '10150210297596436_16515797',
            'from' => 
            array (
              'name' => 'Yukari Hasebe',
              'id' => '100000008886583',
            ),
            'message' => 'Congrats!!',
            'created_time' => '2011-06-22T02:07:14+0000',
          ),
          9 => 
          array (
            'id' => '10150210297596436_16517835',
            'from' => 
            array (
              'name' => 'Domino Davis',
              'id' => '1037116720',
            ),
            'message' => 'Awesome!!',
            'created_time' => '2011-06-22T04:18:52+0000',
          ),
          10 => 
          array (
            'id' => '10150210297596436_16532639',
            'from' => 
            array (
              'name' => 'Brady Mitchell',
              'id' => '661933573',
            ),
            'message' => 'Congrats!',
            'created_time' => '2011-06-23T00:52:52+0000',
          ),
        ),
      ),
    ),
    3 => 
    array (
      'id' => '2178014448667',
      'from' => 
      array (
        'name' => 'Amanda King',
        'id' => '1196047680',
      ),
      'tags' => 
      array (
        'data' => 
        array (
          0 => 
          array (
            'name' => 'Aram Papazian',
            'id' => '3206112',
          ),
          1 => 
          array (
            'name' => 'Jeff Hall',
            'id' => '710831435',
          ),
        ),
      ),
      'place' => 
      array (
        'id' => '125619114135865',
        'name' => 'The Swingin\' Door',
        'location' => 
        array (
          'street' => '106 East 25th Avenue',
          'city' => 'San Mateo',
          'state' => 'CA',
          'country' => 'United States',
          'zip' => '94403',
          'latitude' => 37.545078876956,
          'longitude' => -122.30461309533,
        ),
      ),
      'application' => 
      array (
        'name' => 'Facebook for iPhone',
        'id' => '6628568379',
      ),
      'created_time' => '2011-06-16T02:47:40+0000',
    ),
    4 => 
    array (
      'id' => '2143413063654',
      'from' => 
      array (
        'name' => 'Amanda King',
        'id' => '1196047680',
      ),
      'tags' => 
      array (
        'data' => 
        array (
          0 => 
          array (
            'name' => 'Jeff Hall',
            'id' => '710831435',
          ),
        ),
      ),
      'place' => 
      array (
        'id' => '109974059038462',
        'name' => 'Trader Vic\'s - Palo Alto',
        'location' => 
        array (
          'street' => '4269 El Camino Real',
          'city' => 'Palo Alto',
          'state' => 'CA',
          'country' => 'United States',
          'zip' => '94306',
          'latitude' => 37.407407093248,
          'longitude' => -122.12049631663,
        ),
      ),
      'application' => 
      array (
        'name' => 'Facebook for iPhone',
        'id' => '6628568379',
      ),
      'created_time' => '2011-06-02T01:57:20+0000',
      'likes' => 
      array (
        'data' => 
        array (
          0 => 
          array (
            'id' => '517388677',
            'name' => 'Amanda Davison',
          ),
        ),
      ),
    ),
    5 => 
    array (
      'id' => '2136940141835',
      'from' => 
      array (
        'name' => 'Amanda King',
        'id' => '1196047680',
      ),
      'tags' => 
      array (
        'data' => 
        array (
          0 => 
          array (
            'name' => 'Jeff Hall',
            'id' => '710831435',
          ),
        ),
      ),
      'place' => 
      array (
        'id' => '102350379826743',
        'name' => 'The Living Room',
        'location' => 
        array (
          'city' => 'Redwood City',
          'state' => 'CA',
          'country' => 'United States',
          'latitude' => 37.486581474533,
          'longitude' => -122.22748192354,
        ),
      ),
      'application' => 
      array (
        'name' => 'Facebook for iPhone',
        'id' => '6628568379',
      ),
      'created_time' => '2011-05-30T03:46:46+0000',
      'comments' => 
      array (
        'data' => 
        array (
          0 => 
          array (
            'id' => '2136940141835_2288776',
            'from' => 
            array (
              'name' => 'Katharine Francis',
              'id' => '572587477',
            ),
            'message' => 'are you really drunk yet?',
            'created_time' => '2011-05-30T04:24:11+0000',
          ),
          1 => 
          array (
            'id' => '2136940141835_2288853',
            'from' => 
            array (
              'name' => 'Amanda King',
              'id' => '1196047680',
            ),
            'message' => 'Crocodurdle lololol!!!!',
            'created_time' => '2011-05-30T04:51:24+0000',
          ),
          2 => 
          array (
            'id' => '2136940141835_2288859',
            'from' => 
            array (
              'name' => 'Katharine Francis',
              'id' => '572587477',
            ),
            'message' => 'good night everybody! lol',
            'created_time' => '2011-05-30T04:52:33+0000',
            'likes' => 1,
          ),
        ),
      ),
    ),
    6 => 
    array (
      'id' => '2130629424071',
      'from' => 
      array (
        'name' => 'Amanda King',
        'id' => '1196047680',
      ),
      'tags' => 
      array (
        'data' => 
        array (
          0 => 
          array (
            'name' => 'Jeff Hall',
            'id' => '710831435',
          ),
        ),
      ),
      'message' => 'Victory margaritas! ',
      'place' => 
      array (
        'id' => '106887459349342',
        'name' => 'Palo Alto Sol Restaurant',
        'location' => 
        array (
          'street' => '408 S California Ave',
          'city' => 'Palo Alto',
          'state' => 'CA',
          'country' => 'United States',
          'zip' => '94306-1605',
          'latitude' => 37.426607158329,
          'longitude' => -122.14488530341,
        ),
      ),
      'application' => 
      array (
        'name' => 'Facebook for iPhone',
        'id' => '6628568379',
      ),
      'created_time' => '2011-05-27T02:51:43+0000',
    ),
    7 => 
    array (
      'id' => '2049582637952',
      'from' => 
      array (
        'name' => 'Amanda King',
        'id' => '1196047680',
      ),
      'tags' => 
      array (
        'data' => 
        array (
          0 => 
          array (
            'name' => 'Jeff Hall',
            'id' => '710831435',
          ),
        ),
      ),
      'place' => 
      array (
        'id' => '125619114135865',
        'name' => 'The Swingin\' Door',
        'location' => 
        array (
          'street' => '106 East 25th Avenue',
          'city' => 'San Mateo',
          'state' => 'CA',
          'country' => 'United States',
          'zip' => '94403',
          'latitude' => 37.545078876956,
          'longitude' => -122.30461309533,
        ),
      ),
      'application' => 
      array (
        'name' => 'Facebook for iPhone',
        'id' => '6628568379',
      ),
      'created_time' => '2011-04-24T03:07:54+0000',
      'comments' => 
      array (
        'data' => 
        array (
          0 => 
          array (
            'id' => '2049582637952_2132956',
            'from' => 
            array (
              'name' => 'Katharine Francis',
              'id' => '572587477',
            ),
            'message' => 'lol what\'s that?',
            'created_time' => '2011-05-11T23:10:49+0000',
          ),
        ),
      ),
    ),
    8 => 
    array (
      'id' => '10150159103961436',
      'from' => 
      array (
        'name' => 'Jeff Hall',
        'id' => '710831435',
      ),
      'tags' => 
      array (
        'data' => 
        array (
          0 => 
          array (
            'name' => 'Amanda King',
            'id' => '1196047680',
          ),
        ),
      ),
      'place' => 
      array (
        'id' => '130508477016360',
        'name' => 'The Downtown Tiki Lounge',
        'location' => 
        array (
          'city' => 'San Mateo',
          'state' => 'CA',
          'country' => 'United States',
          'latitude' => 37.566562071577,
          'longitude' => -122.32357911005,
        ),
      ),
      'application' => 
      array (
        'name' => 'Facebook for Android',
        'id' => '350685531728',
      ),
      'created_time' => '2011-04-24T02:07:53+0000',
    ),
    9 => 
    array (
      'id' => '1992030599187',
      'from' => 
      array (
        'name' => 'Amanda King',
        'id' => '1196047680',
      ),
      'tags' => 
      array (
        'data' => 
        array (
          0 => 
          array (
            'name' => 'Jeff Hall',
            'id' => '710831435',
          ),
        ),
      ),
      'place' => 
      array (
        'id' => '125619114135865',
        'name' => 'The Swingin\' Door',
        'location' => 
        array (
          'street' => '106 East 25th Avenue',
          'city' => 'San Mateo',
          'state' => 'CA',
          'country' => 'United States',
          'zip' => '94403',
          'latitude' => 37.545078876956,
          'longitude' => -122.30461309533,
        ),
      ),
      'application' => 
      array (
        'name' => 'Facebook for iPhone',
        'id' => '6628568379',
      ),
      'created_time' => '2011-03-31T04:23:32+0000',
    ),
    10 => 
    array (
      'id' => '10150139916056436',
      'from' => 
      array (
        'name' => 'Jeff Hall',
        'id' => '710831435',
      ),
      'tags' => 
      array (
        'data' => 
        array (
          0 => 
          array (
            'name' => 'Amanda King',
            'id' => '1196047680',
          ),
        ),
      ),
      'place' => 
      array (
        'id' => '95768051984',
        'name' => 'Cafe Borrone',
        'location' => 
        array (
          'street' => '1010 El Camino Real',
          'city' => 'Menlo Park',
          'state' => 'CA',
          'country' => 'United States',
          'zip' => '94025',
          'latitude' => 37.453562895069,
          'longitude' => -122.18250143481,
        ),
      ),
      'application' => 
      array (
        'name' => 'Facebook for Android',
        'id' => '350685531728',
      ),
      'created_time' => '2011-03-31T01:37:29+0000',
    ),
    11 => 
    array (
      'id' => '10150113474506436',
      'from' => 
      array (
        'name' => 'Jeff Hall',
        'id' => '710831435',
      ),
      'place' => 
      array (
        'id' => '121793254537852',
        'name' => 'Teske\'s Germania',
        'location' => 
        array (
          'street' => '255 N. First St.',
          'city' => 'San Jose',
          'state' => 'CA',
          'country' => 'United States',
          'zip' => '95113',
          'latitude' => 37.33987211175,
          'longitude' => -121.89347544007,
        ),
      ),
      'application' => 
      array (
        'name' => 'Facebook for Android',
        'id' => '350685531728',
      ),
      'created_time' => '2011-03-27T04:42:04+0000',
    ),
    12 => 
    array (
      'id' => '10150112747061436',
      'from' => 
      array (
        'name' => 'Jeff Hall',
        'id' => '710831435',
      ),
      'tags' => 
      array (
        'data' => 
        array (
          0 => 
          array (
            'name' => 'Amanda King',
            'id' => '1196047680',
          ),
        ),
      ),
      'place' => 
      array (
        'id' => '384000146680',
        'name' => 'Cedro Ristorante Italiano',
        'location' => 
        array (
          'street' => '1010 El Camino Real, Suite 140',
          'city' => 'Menlo Park',
          'state' => 'CA',
          'country' => 'United States',
          'zip' => '94025',
          'latitude' => 37.453079,
          'longitude' => -122.181557,
        ),
      ),
      'application' => 
      array (
        'name' => 'Facebook for Android',
        'id' => '350685531728',
      ),
      'created_time' => '2011-03-26T02:25:38+0000',
      'likes' => 
      array (
        'data' => 
        array (
          0 => 
          array (
            'id' => '1407121596',
            'name' => 'Chris Hall',
          ),
        ),
      ),
    ),
    13 => 
    array (
      'id' => '10150112520581436',
      'from' => 
      array (
        'name' => 'Jeff Hall',
        'id' => '710831435',
      ),
      'place' => 
      array (
        'id' => '110103015716464',
        'name' => 'Jack\'s Prime',
        'location' => 
        array (
          'street' => '3723 South El Camino Real',
          'city' => 'San Mateo',
          'state' => 'CA',
          'country' => 'United States',
          'zip' => '94403',
          'latitude' => 37.533927428302,
          'longitude' => -122.29367493549,
        ),
      ),
      'application' => 
      array (
        'name' => 'Facebook for Android',
        'id' => '350685531728',
      ),
      'created_time' => '2011-03-25T19:49:04+0000',
    ),
    14 => 
    array (
      'id' => '1937262470018',
      'from' => 
      array (
        'name' => 'Amanda King',
        'id' => '1196047680',
      ),
      'tags' => 
      array (
        'data' => 
        array (
          0 => 
          array (
            'name' => 'Jeff Hall',
            'id' => '710831435',
          ),
        ),
      ),
      'place' => 
      array (
        'id' => '416572164011',
        'name' => 'Axis Cafe and Gallery',
        'location' => 
        array (
          'street' => '1201 8th St.',
          'city' => 'San Francisco',
          'state' => 'CA',
          'country' => 'United States',
          'zip' => '94107',
          'latitude' => 37.766714,
          'longitude' => -122.399448,
        ),
      ),
      'application' => 
      array (
        'name' => 'Facebook for iPhone',
        'id' => '6628568379',
      ),
      'created_time' => '2011-03-12T21:02:26+0000',
    ),
    15 => 
    array (
      'id' => '10150102358041436',
      'from' => 
      array (
        'name' => 'Jeff Hall',
        'id' => '710831435',
      ),
      'place' => 
      array (
        'id' => '416572164011',
        'name' => 'Axis Cafe and Gallery',
        'location' => 
        array (
          'street' => '1201 8th St.',
          'city' => 'San Francisco',
          'state' => 'CA',
          'country' => 'United States',
          'zip' => '94107',
          'latitude' => 37.766714,
          'longitude' => -122.399448,
        ),
      ),
      'application' => 
      array (
        'name' => 'Facebook for Android',
        'id' => '350685531728',
      ),
      'created_time' => '2011-03-12T21:01:33+0000',
    ),
    16 => 
    array (
      'id' => '10150094113851436',
      'from' => 
      array (
        'name' => 'Jeff Hall',
        'id' => '710831435',
      ),
      'tags' => 
      array (
        'data' => 
        array (
          0 => 
          array (
            'name' => 'Katharine Francis',
            'id' => '572587477',
          ),
          1 => 
          array (
            'name' => 'Amanda King',
            'id' => '1196047680',
          ),
        ),
      ),
      'place' => 
      array (
        'id' => '115037768513987',
        'name' => 'Mimi\'s Cafe',
        'location' => 
        array (
          'street' => '1400 S Harbor Blvd',
          'city' => 'Anaheim',
          'state' => 'CA',
          'country' => 'United States',
          'zip' => '92802-2311',
          'latitude' => 33.8123485012,
          'longitude' => -117.91487915992,
        ),
      ),
      'application' => 
      array (
        'name' => 'Facebook for Android',
        'id' => '350685531728',
      ),
      'created_time' => '2011-03-01T04:08:12+0000',
    ),
    17 => 
    array (
      'id' => '1913561397506',
      'from' => 
      array (
        'name' => 'Amanda King',
        'id' => '1196047680',
      ),
      'tags' => 
      array (
        'data' => 
        array (
          0 => 
          array (
            'name' => 'Katharine Francis',
            'id' => '572587477',
          ),
          1 => 
          array (
            'name' => 'Jeff Hall',
            'id' => '710831435',
          ),
        ),
      ),
      'place' => 
      array (
        'id' => '138031072905265',
        'name' => 'Mad Greek Café',
        'location' => 
        array (
          'city' => 'Baker',
          'state' => 'CA',
          'country' => 'United States',
          'latitude' => 35.2659569,
          'longitude' => -116.07467188333,
        ),
      ),
      'application' => 
      array (
        'name' => 'Facebook for iPhone',
        'id' => '6628568379',
      ),
      'created_time' => '2011-02-28T15:25:04+0000',
      'likes' => 
      array (
        'data' => 
        array (
          0 => 
          array (
            'id' => '536017433',
            'name' => 'Sarah Hill',
          ),
        ),
      ),
    ),
    18 => 
    array (
      'id' => '10150090761987478',
      'from' => 
      array (
        'name' => 'Katharine Francis',
        'id' => '572587477',
      ),
      'tags' => 
      array (
        'data' => 
        array (
          0 => 
          array (
            'name' => 'Jeff Hall',
            'id' => '710831435',
          ),
          1 => 
          array (
            'name' => 'Amanda King',
            'id' => '1196047680',
          ),
        ),
      ),
      'place' => 
      array (
        'id' => '143706985695493',
        'name' => 'Town Square Las Vegas',
        'location' => 
        array (
          'street' => '6605 Las Vegas Blvd South',
          'city' => 'Las Vegas',
          'state' => 'NV',
          'country' => 'United States',
          'zip' => '89119',
          'latitude' => 36.06794270128,
          'longitude' => -115.17693468997,
        ),
      ),
      'application' => 
      array (
        'name' => 'Facebook for Android',
        'id' => '350685531728',
      ),
      'created_time' => '2011-02-27T23:03:14+0000',
    ),
    19 => 
    array (
      'id' => '487359491435',
      'from' => 
      array (
        'name' => 'Jeff Hall',
        'id' => '710831435',
      ),
      'tags' => 
      array (
        'data' => 
        array (
          0 => 
          array (
            'name' => 'Amanda King',
            'id' => '1196047680',
          ),
        ),
      ),
      'place' => 
      array (
        'id' => '384000146680',
        'name' => 'Cedro Ristorante Italiano',
        'location' => 
        array (
          'street' => '1010 El Camino Real, Suite 140',
          'city' => 'Menlo Park',
          'state' => 'CA',
          'country' => 'United States',
          'zip' => '94025',
          'latitude' => 37.453079,
          'longitude' => -122.181557,
        ),
      ),
      'application' => 
      array (
        'name' => 'Facebook for iPhone',
        'id' => '6628568379',
      ),
      'created_time' => '2011-01-23T03:01:02+0000',
    ),
    20 => 
    array (
      'id' => '637751479709',
      'from' => 
      array (
        'name' => 'Mitchell McKenna',
        'id' => '94803483',
      ),
      'tags' => 
      array (
        'data' => 
        array (
          0 => 
          array (
            'name' => 'Jeff Hall',
            'id' => '710831435',
          ),
          1 => 
          array (
            'name' => 'Jaime Wheeler',
            'id' => '1036253414',
          ),
        ),
      ),
      'message' => 'German food and glass boots!',
      'place' => 
      array (
        'id' => '57296796171',
        'name' => 'Suppenküche',
        'location' => 
        array (
          'street' => '525 Laguna St.',
          'city' => 'San Francisco',
          'state' => 'CA',
          'country' => 'United States',
          'zip' => '94102',
          'latitude' => 37.776376517262,
          'longitude' => -122.42625996353,
        ),
      ),
      'application' => NULL,
      'created_time' => '2010-10-10T01:23:34+0000',
      'likes' => 
      array (
        'data' => 
        array (
          0 => 
          array (
            'id' => '579615363',
            'name' => 'Sheri Lee McKenna',
          ),
          1 => 
          array (
            'id' => '1141214446',
            'name' => 'Sean Cannon',
          ),
        ),
      ),
      'comments' => 
      array (
        'data' => 
        array (
          0 => 
          array (
            'id' => '637751479709_573150',
            'from' => 
            array (
              'name' => 'Sheri Lee McKenna',
              'id' => '579615363',
            ),
            'message' => 'Oktoberfest? Happy Canadian thanksgiving, lil bro! Hope you find some turkey somewhere... Probably not at Suppenkuche tho! Lol',
            'created_time' => '2010-10-10T13:18:38+0000',
            'likes' => 1,
          ),
        ),
      ),
    ),
  ),
  'paging' => 
  array (
    'previous' => 'https://graph.facebook.com/me/checkins?limit=25&since=1310843163',
    'next' => 'https://graph.facebook.com/me/checkins?limit=25&until=1286673814',
  ),
)
