17:22:36 (index) array (
  4575 => 
  array (
    'name' => 'Breanne Cooley',
    'score' => 0,
  ),
  512099 => 
  array (
    'name' => 'Tim Huang',
    'score' => 0,
  ),
  2022431 => 
  array (
    'name' => 'Erin Golden',
    'score' => 0,
  ),
  2043492 => 
  array (
    'name' => 'Vinh Trinh',
    'score' => 0,
  ),
  2202575 => 
  array (
    'name' => 'Justin Wilson',
    'score' => 0,
  ),
  3206112 => 
  array (
    'name' => 'Aram Papazian',
    'score' => 0,
  ),
  6701825 => 
  array (
    'name' => 'Chelsea Kibler',
    'score' => 0,
  ),
  6707683 => 
  array (
    'name' => 'Kameron Niksefat',
    'score' => 0,
  ),
  9319587 => 
  array (
    'name' => 'Jeremy Watkins',
    'score' => 0,
  ),
  12123037 => 
  array (
    'name' => 'Travis Ryan',
    'score' => 0,
  ),
  13904482 => 
  array (
    'name' => 'Andy Blair',
    'score' => 0,
  ),
  13912230 => 
  array (
    'name' => 'Matt Stegmeir',
    'score' => 0,
  ),
  13966630 => 
  array (
    'name' => 'Shanna Orr',
    'score' => 0,
  ),
  29715133 => 
  array (
    'name' => 'Jon Stewart',
    'score' => 0,
  ),
  34001941 => 
  array (
    'name' => 'Lindsey Jin Andersen',
    'score' => 0,
  ),
  49107755 => 
  array (
    'name' => 'Nathan Sculli',
    'score' => 0,
  ),
  67701176 => 
  array (
    'name' => 'Hana April Chughtai',
    'score' => 0,
  ),
  81006900 => 
  array (
    'name' => 'Elim Gho',
    'score' => 0,
  ),
  94803483 => 
  array (
    'name' => 'Mitchell McKenna',
    'score' => 0,
  ),
  163000010 => 
  array (
    'name' => 'Samantha French',
    'score' => 0,
  ),
  163000625 => 
  array (
    'name' => 'Lucas Master',
    'score' => 0,
  ),
  500413992 => 
  array (
    'name' => 'Chris Wolverton',
    'score' => 0,
  ),
  500504049 => 
  array (
    'name' => 'Devin Egan',
    'score' => 0,
  ),
  500788468 => 
  array (
    'name' => 'Jessica Zachow',
    'score' => 0,
  ),
  501324647 => 
  array (
    'name' => 'Nathan Rabe',
    'score' => 0,
  ),
  501828914 => 
  array (
    'name' => 'Greg Nuzzo',
    'score' => 0,
  ),
  506160526 => 
  array (
    'name' => 'Cynthia Tchao Lacy',
    'score' => 0,
  ),
  506494275 => 
  array (
    'name' => 'Melody Ness',
    'score' => 0,
  ),
  506559614 => 
  array (
    'name' => 'Richard Hoppes',
    'score' => 0,
  ),
  507135577 => 
  array (
    'name' => 'Jordan Raub',
    'score' => 0,
  ),
  507418970 => 
  array (
    'name' => 'Timothy Lee Styer',
    'score' => 0,
  ),
  510671804 => 
  array (
    'name' => 'Stephen Holiday',
    'score' => 0,
  ),
  518903752 => 
  array (
    'name' => 'Anne E. Lynch',
    'score' => 0,
  ),
  523485232 => 
  array (
    'name' => 'Nic Beatty',
    'score' => 0,
  ),
  525792067 => 
  array (
    'name' => 'Melanie Martines',
    'score' => 0,
  ),
  536017433 => 
  array (
    'name' => 'Sarah Hill',
    'score' => 0,
  ),
  541047222 => 
  array (
    'name' => 'Kelly Miller',
    'score' => 0,
  ),
  572587477 => 
  array (
    'name' => 'Katharine Francis',
    'score' => 0,
  ),
  576450299 => 
  array (
    'name' => 'Ryan Kim',
    'score' => 0,
  ),
  607233344 => 
  array (
    'name' => 'Kris Wilke',
    'score' => 0,
  ),
  618102997 => 
  array (
    'name' => 'August Malson',
    'score' => 0,
  ),
  618724894 => 
  array (
    'name' => 'Andrew Naylor',
    'score' => 0,
  ),
  620326900 => 
  array (
    'name' => 'Dylan Oakley',
    'score' => 0,
  ),
  621133659 => 
  array (
    'name' => 'Angelo Georgiou',
    'score' => 0,
  ),
  626808744 => 
  array (
    'name' => 'Melissa Newstrand',
    'score' => 0,
  ),
  628581706 => 
  array (
    'name' => 'Jason Shannon',
    'score' => 0,
  ),
  648520495 => 
  array (
    'name' => 'Ryan Muehlberg',
    'score' => 0,
  ),
  655868828 => 
  array (
    'name' => 'Laura Winterstein',
    'score' => 0,
  ),
  656024883 => 
  array (
    'name' => 'Pete Johnson',
    'score' => 0,
  ),
  661933573 => 
  array (
    'name' => 'Brady Mitchell',
    'score' => 0,
  ),
  671211000 => 
  array (
    'name' => 'Alyssa Wittorf',
    'score' => 0,
  ),
  680892985 => 
  array (
    'name' => 'Julie Jilek',
    'score' => 0,
  ),
  683698753 => 
  array (
    'name' => 'Josh Brown',
    'score' => 0,
  ),
  683881819 => 
  array (
    'name' => 'Peter Schmidt',
    'score' => 0,
  ),
  684836635 => 
  array (
    'name' => 'John Hawkins',
    'score' => 0,
  ),
  721602950 => 
  array (
    'name' => 'Sean-Eric Hailer',
    'score' => 0,
  ),
  729549918 => 
  array (
    'name' => 'Ken Kraft',
    'score' => 0,
  ),
  733505080 => 
  array (
    'name' => 'Kevin Lalka',
    'score' => 0,
  ),
  742227602 => 
  array (
    'name' => 'Cory Owens',
    'score' => 0,
  ),
  751069016 => 
  array (
    'name' => 'Tobia Ziklik',
    'score' => 0,
  ),
  751369021 => 
  array (
    'name' => 'Danny Glover',
    'score' => 0,
  ),
  752315322 => 
  array (
    'name' => 'Brianna Kotzian',
    'score' => 0,
  ),
  752414832 => 
  array (
    'name' => 'Megan Gunderson',
    'score' => 0,
  ),
  758055634 => 
  array (
    'name' => 'Ron Hall',
    'score' => 0,
  ),
  778057563 => 
  array (
    'name' => 'CJ Peterson',
    'score' => 0,
  ),
  836975421 => 
  array (
    'name' => 'Derek Oosterman',
    'score' => 0,
  ),
  843465474 => 
  array (
    'name' => 'Ray Lopez',
    'score' => 0,
  ),
  844355170 => 
  array (
    'name' => 'Patrick Callan',
    'score' => 0,
  ),
  1036253414 => 
  array (
    'name' => 'Jaime Wheeler',
    'score' => 0,
  ),
  1037116720 => 
  array (
    'name' => 'Domino Davis',
    'score' => 0,
  ),
  1047206739 => 
  array (
    'name' => 'Nancy Merigold',
    'score' => 0,
  ),
  1048564308 => 
  array (
    'name' => 'Scott Rasmussen',
    'score' => 0,
  ),
  1065604297 => 
  array (
    'name' => 'Zach Hanson',
    'score' => 0,
  ),
  1081357960 => 
  array (
    'name' => 'Keith Greene',
    'score' => 0,
  ),
  1110960033 => 
  array (
    'name' => 'Larry Babcock',
    'score' => 0,
  ),
  1127596723 => 
  array (
    'name' => 'Ryan Norine',
    'score' => 0,
  ),
  1139250127 => 
  array (
    'name' => 'Shannyn Blood-Frades',
    'score' => 0,
  ),
  1143196486 => 
  array (
    'name' => 'Elizabeth Eggers',
    'score' => 0,
  ),
  1162672169 => 
  array (
    'name' => 'Matt Wiseman',
    'score' => 0,
  ),
  1180913262 => 
  array (
    'name' => 'Drew Hoeschen',
    'score' => 0,
  ),
  1196047680 => 
  array (
    'name' => 'Amanda King',
    'score' => 0,
  ),
  1211121129 => 
  array (
    'name' => 'Jared Banks',
    'score' => 0,
  ),
  1271274840 => 
  array (
    'name' => 'Justin Lucas',
    'score' => 0,
  ),
  1313558676 => 
  array (
    'name' => 'Chris Kauffman',
    'score' => 0,
  ),
  1317223009 => 
  array (
    'name' => 'Lela Sazegari',
    'score' => 0,
  ),
  1358131715 => 
  array (
    'name' => 'Kris Sonico',
    'score' => 0,
  ),
  1359295746 => 
  array (
    'name' => 'Rick Scheckman',
    'score' => 0,
  ),
  1389918703 => 
  array (
    'name' => 'Don Adriano',
    'score' => 0,
  ),
  1407121596 => 
  array (
    'name' => 'Chris Hall',
    'score' => 0,
  ),
  1444952719 => 
  array (
    'name' => 'Louise A Hall Motin',
    'score' => 0,
  ),
  1445812062 => 
  array (
    'name' => 'Brendan Merigold',
    'score' => 0,
  ),
  1451254210 => 
  array (
    'name' => 'Sterling Greg Williams',
    'score' => 0,
  ),
  1478114646 => 
  array (
    'name' => 'Ryan Allen',
    'score' => 0,
  ),
  1568961588 => 
  array (
    'name' => 'Adam Bush',
    'score' => 0,
  ),
  1580650986 => 
  array (
    'name' => 'Tony Colacchio',
    'score' => 0,
  ),
  1661558567 => 
  array (
    'name' => 'Steve Peart',
    'score' => 0,
  ),
  '100000008886583' => 
  array (
    'name' => 'Yukari Hasebe',
    'score' => 0,
  ),
  '100000135553997' => 
  array (
    'name' => 'Jason Rice',
    'score' => 0,
  ),
  '100000756478610' => 
  array (
    'name' => 'Alex Rosekrans',
    'score' => 0,
  ),
  '100000911687660' => 
  array (
    'name' => 'Justin Moore',
    'score' => 0,
  ),
  '100001123637203' => 
  array (
    'name' => 'Sean Tobin',
    'score' => 0,
  ),
  '100001180509127' => 
  array (
    'name' => 'Michael Mack',
    'score' => 0,
  ),
)
