17:19:14 (index) array (
  'data' => 
  array (
    0 => 
    array (
      'name' => 'Breanne Cooley',
      'id' => '4575',
    ),
    1 => 
    array (
      'name' => 'Tim Huang',
      'id' => '512099',
    ),
    2 => 
    array (
      'name' => 'Erin Golden',
      'id' => '2022431',
    ),
    3 => 
    array (
      'name' => 'Vinh Trinh',
      'id' => '2043492',
    ),
    4 => 
    array (
      'name' => 'Justin Wilson',
      'id' => '2202575',
    ),
    5 => 
    array (
      'name' => 'Aram Papazian',
      'id' => '3206112',
    ),
    6 => 
    array (
      'name' => 'Chelsea Kibler',
      'id' => '6701825',
    ),
    7 => 
    array (
      'name' => 'Kameron Niksefat',
      'id' => '6707683',
    ),
    8 => 
    array (
      'name' => 'Jeremy Watkins',
      'id' => '9319587',
    ),
    9 => 
    array (
      'name' => 'Travis Ryan',
      'id' => '12123037',
    ),
    10 => 
    array (
      'name' => 'Andy Blair',
      'id' => '13904482',
    ),
    11 => 
    array (
      'name' => 'Matt Stegmeir',
      'id' => '13912230',
    ),
    12 => 
    array (
      'name' => 'Shanna Orr',
      'id' => '13966630',
    ),
    13 => 
    array (
      'name' => 'Jon Stewart',
      'id' => '29715133',
    ),
    14 => 
    array (
      'name' => 'Lindsey Jin Andersen',
      'id' => '34001941',
    ),
    15 => 
    array (
      'name' => 'Nathan Sculli',
      'id' => '49107755',
    ),
    16 => 
    array (
      'name' => 'Hana April Chughtai',
      'id' => '67701176',
    ),
    17 => 
    array (
      'name' => 'Elim Gho',
      'id' => '81006900',
    ),
    18 => 
    array (
      'name' => 'Mitchell McKenna',
      'id' => '94803483',
    ),
    19 => 
    array (
      'name' => 'Samantha French',
      'id' => '163000010',
    ),
    20 => 
    array (
      'name' => 'Lucas Master',
      'id' => '163000625',
    ),
    21 => 
    array (
      'name' => 'Chris Wolverton',
      'id' => '500413992',
    ),
    22 => 
    array (
      'name' => 'Devin Egan',
      'id' => '500504049',
    ),
    23 => 
    array (
      'name' => 'Jessica Zachow',
      'id' => '500788468',
    ),
    24 => 
    array (
      'name' => 'Nathan Rabe',
      'id' => '501324647',
    ),
    25 => 
    array (
      'name' => 'Greg Nuzzo',
      'id' => '501828914',
    ),
    26 => 
    array (
      'name' => 'Cynthia Tchao Lacy',
      'id' => '506160526',
    ),
    27 => 
    array (
      'name' => 'Melody Ness',
      'id' => '506494275',
    ),
    28 => 
    array (
      'name' => 'Richard Hoppes',
      'id' => '506559614',
    ),
    29 => 
    array (
      'name' => 'Jordan Raub',
      'id' => '507135577',
    ),
    30 => 
    array (
      'name' => 'Timothy Lee Styer',
      'id' => '507418970',
    ),
    31 => 
    array (
      'name' => 'Stephen Holiday',
      'id' => '510671804',
    ),
    32 => 
    array (
      'name' => 'Anne E. Lynch',
      'id' => '518903752',
    ),
    33 => 
    array (
      'name' => 'Nic Beatty',
      'id' => '523485232',
    ),
    34 => 
    array (
      'name' => 'Melanie Martines',
      'id' => '525792067',
    ),
    35 => 
    array (
      'name' => 'Sarah Hill',
      'id' => '536017433',
    ),
    36 => 
    array (
      'name' => 'Kelly Miller',
      'id' => '541047222',
    ),
    37 => 
    array (
      'name' => 'Katharine Francis',
      'id' => '572587477',
    ),
    38 => 
    array (
      'name' => 'Ryan Kim',
      'id' => '576450299',
    ),
    39 => 
    array (
      'name' => 'Kris Wilke',
      'id' => '607233344',
    ),
    40 => 
    array (
      'name' => 'August Malson',
      'id' => '618102997',
    ),
    41 => 
    array (
      'name' => 'Andrew Naylor',
      'id' => '618724894',
    ),
    42 => 
    array (
      'name' => 'Dylan Oakley',
      'id' => '620326900',
    ),
    43 => 
    array (
      'name' => 'Angelo Georgiou',
      'id' => '621133659',
    ),
    44 => 
    array (
      'name' => 'Melissa Newstrand',
      'id' => '626808744',
    ),
    45 => 
    array (
      'name' => 'Jason Shannon',
      'id' => '628581706',
    ),
    46 => 
    array (
      'name' => 'Ryan Muehlberg',
      'id' => '648520495',
    ),
    47 => 
    array (
      'name' => 'Laura Winterstein',
      'id' => '655868828',
    ),
    48 => 
    array (
      'name' => 'Pete Johnson',
      'id' => '656024883',
    ),
    49 => 
    array (
      'name' => 'Brady Mitchell',
      'id' => '661933573',
    ),
    50 => 
    array (
      'name' => 'Alyssa Wittorf',
      'id' => '671211000',
    ),
    51 => 
    array (
      'name' => 'Julie Jilek',
      'id' => '680892985',
    ),
    52 => 
    array (
      'name' => 'Josh Brown',
      'id' => '683698753',
    ),
    53 => 
    array (
      'name' => 'Peter Schmidt',
      'id' => '683881819',
    ),
    54 => 
    array (
      'name' => 'John Hawkins',
      'id' => '684836635',
    ),
    55 => 
    array (
      'name' => 'Sean-Eric Hailer',
      'id' => '721602950',
    ),
    56 => 
    array (
      'name' => 'Ken Kraft',
      'id' => '729549918',
    ),
    57 => 
    array (
      'name' => 'Kevin Lalka',
      'id' => '733505080',
    ),
    58 => 
    array (
      'name' => 'Cory Owens',
      'id' => '742227602',
    ),
    59 => 
    array (
      'name' => 'Tobia Ziklik',
      'id' => '751069016',
    ),
    60 => 
    array (
      'name' => 'Danny Glover',
      'id' => '751369021',
    ),
    61 => 
    array (
      'name' => 'Brianna Kotzian',
      'id' => '752315322',
    ),
    62 => 
    array (
      'name' => 'Megan Gunderson',
      'id' => '752414832',
    ),
    63 => 
    array (
      'name' => 'Ron Hall',
      'id' => '758055634',
    ),
    64 => 
    array (
      'name' => 'CJ Peterson',
      'id' => '778057563',
    ),
    65 => 
    array (
      'name' => 'Derek Oosterman',
      'id' => '836975421',
    ),
    66 => 
    array (
      'name' => 'Ray Lopez',
      'id' => '843465474',
    ),
    67 => 
    array (
      'name' => 'Patrick Callan',
      'id' => '844355170',
    ),
    68 => 
    array (
      'name' => 'Jaime Wheeler',
      'id' => '1036253414',
    ),
    69 => 
    array (
      'name' => 'Domino Davis',
      'id' => '1037116720',
    ),
    70 => 
    array (
      'name' => 'Nancy Merigold',
      'id' => '1047206739',
    ),
    71 => 
    array (
      'name' => 'Scott Rasmussen',
      'id' => '1048564308',
    ),
    72 => 
    array (
      'name' => 'Zach Hanson',
      'id' => '1065604297',
    ),
    73 => 
    array (
      'name' => 'Keith Greene',
      'id' => '1081357960',
    ),
    74 => 
    array (
      'name' => 'Larry Babcock',
      'id' => '1110960033',
    ),
    75 => 
    array (
      'name' => 'Ryan Norine',
      'id' => '1127596723',
    ),
    76 => 
    array (
      'name' => 'Shannyn Blood-Frades',
      'id' => '1139250127',
    ),
    77 => 
    array (
      'name' => 'Elizabeth Eggers',
      'id' => '1143196486',
    ),
    78 => 
    array (
      'name' => 'Matt Wiseman',
      'id' => '1162672169',
    ),
    79 => 
    array (
      'name' => 'Drew Hoeschen',
      'id' => '1180913262',
    ),
    80 => 
    array (
      'name' => 'Amanda King',
      'id' => '1196047680',
    ),
    81 => 
    array (
      'name' => 'Jared Banks',
      'id' => '1211121129',
    ),
    82 => 
    array (
      'name' => 'Justin Lucas',
      'id' => '1271274840',
    ),
    83 => 
    array (
      'name' => 'Chris Kauffman',
      'id' => '1313558676',
    ),
    84 => 
    array (
      'name' => 'Lela Sazegari',
      'id' => '1317223009',
    ),
    85 => 
    array (
      'name' => 'Kris Sonico',
      'id' => '1358131715',
    ),
    86 => 
    array (
      'name' => 'Rick Scheckman',
      'id' => '1359295746',
    ),
    87 => 
    array (
      'name' => 'Don Adriano',
      'id' => '1389918703',
    ),
    88 => 
    array (
      'name' => 'Chris Hall',
      'id' => '1407121596',
    ),
    89 => 
    array (
      'name' => 'Louise A Hall Motin',
      'id' => '1444952719',
    ),
    90 => 
    array (
      'name' => 'Brendan Merigold',
      'id' => '1445812062',
    ),
    91 => 
    array (
      'name' => 'Sterling Greg Williams',
      'id' => '1451254210',
    ),
    92 => 
    array (
      'name' => 'Ryan Allen',
      'id' => '1478114646',
    ),
    93 => 
    array (
      'name' => 'Adam Bush',
      'id' => '1568961588',
    ),
    94 => 
    array (
      'name' => 'Tony Colacchio',
      'id' => '1580650986',
    ),
    95 => 
    array (
      'name' => 'Steve Peart',
      'id' => '1661558567',
    ),
    96 => 
    array (
      'name' => 'Yukari Hasebe',
      'id' => '100000008886583',
    ),
    97 => 
    array (
      'name' => 'Jason Rice',
      'id' => '100000135553997',
    ),
    98 => 
    array (
      'name' => 'Alex Rosekrans',
      'id' => '100000756478610',
    ),
    99 => 
    array (
      'name' => 'Justin Moore',
      'id' => '100000911687660',
    ),
    100 => 
    array (
      'name' => 'Sean Tobin',
      'id' => '100001123637203',
    ),
    101 => 
    array (
      'name' => 'Michael Mack',
      'id' => '100001180509127',
    ),
  ),
)
