17:48:08 (index) array (
  'id' => '710831435',
  'name' => 'Jeff Hall',
  'first_name' => 'Jeff',
  'last_name' => 'Hall',
  'link' => 'http://www.facebook.com/sirlaguna',
  'username' => 'sirlaguna',
  'work' => 
  array (
    0 => 
    array (
      'employer' => 
      array (
        'id' => '107654122597075',
        'name' => 'Quinstreet',
      ),
      'location' => 
      array (
        'id' => '105623882803814',
        'name' => 'Foster City, California',
      ),
      'position' => 
      array (
        'id' => '143257402365425',
        'name' => 'Web Developer',
      ),
      'start_date' => '2010-02',
    ),
  ),
  'gender' => 'male',
  'relationship_status' => 'Married',
  'significant_other' => 
  array (
    'name' => 'Amanda King',
    'id' => '1196047680',
  ),
  'timezone' => -7,
  'locale' => 'en_US',
  'verified' => true,
  'updated_time' => '2011-07-22T05:48:58+0000',
)
